<?xml version="1.0" encoding="UTF-8"?>
<!-- Generated by org.testng.reporters.JUnitReportReporter -->
<testsuite skipped="0" hostname="DESKTOP-TP16GC9" name="com.qa.testCases.HomePageTest" tests="2" failures="0" timestamp="18 Jun 2019 17:41:44 GMT" time="10.500" errors="0">
  <testcase name="contactUs" time="5.245" classname="com.qa.testCases.HomePageTest"/>
  <testcase name="serachBar" time="5.255" classname="com.qa.testCases.HomePageTest"/>
</testsuite> <!-- com.qa.testCases.HomePageTest -->
